{"/Users/ybondaren/Documents/repositories/front/client/src/App.tsx": {"path":"/Users/ybondaren/Documents/repositories/front/client/src/App.tsx","statementMap":{"0":{"start":{"line":4,"column":2},"end":{"line":4,"column":30}}},"fnMap":{"0":{"name":"App","decl":{"start":{"line":3,"column":9},"end":{"line":3,"column":12}},"loc":{"start":{"line":3,"column":15},"end":{"line":5,"column":1}},"line":3}},"branchMap":{},"s":{"0":0},"f":{"0":0},"b":{}}
,"/Users/ybondaren/Documents/repositories/front/client/src/components/Header.tsx": {"path":"/Users/ybondaren/Documents/repositories/front/client/src/components/Header.tsx","statementMap":{"0":{"start":{"line":7,"column":22},"end":{"line":23,"column":1}},"1":{"start":{"line":8,"column":2},"end":{"line":22,"column":11}}},"fnMap":{"0":{"name":"(anonymous_0)","decl":{"start":{"line":7,"column":22},"end":{"line":7,"column":23}},"loc":{"start":{"line":8,"column":2},"end":{"line":22,"column":11}},"line":8}},"branchMap":{},"s":{"0":1,"1":2},"f":{"0":2},"b":{},"_coverageSchema":"1a1c01bbd47fc00a2c39e90264f33305004495a9","hash":"1a11371208902067428bf09f91e4d7e5c6bf1923"}
,"/Users/ybondaren/Documents/repositories/front/client/src/components/UsersTable/UsersTable.tsx": {"path":"/Users/ybondaren/Documents/repositories/front/client/src/components/UsersTable/UsersTable.tsx","statementMap":{"0":{"start":{"line":17,"column":26},"end":{"line":47,"column":1}},"1":{"start":{"line":18,"column":26},"end":{"line":18,"column":65}},"2":{"start":{"line":19,"column":2},"end":{"line":25,"column":3}},"3":{"start":{"line":20,"column":4},"end":{"line":24,"column":5}},"4":{"start":{"line":26,"column":2},"end":{"line":46,"column":3}},"5":{"start":{"line":39,"column":16},"end":{"line":39,"column":68}}},"fnMap":{"0":{"name":"(anonymous_0)","decl":{"start":{"line":17,"column":26},"end":{"line":17,"column":27}},"loc":{"start":{"line":17,"column":32},"end":{"line":47,"column":1}},"line":17},"1":{"name":"(anonymous_1)","decl":{"start":{"line":38,"column":32},"end":{"line":38,"column":33}},"loc":{"start":{"line":39,"column":16},"end":{"line":39,"column":68}},"line":39}},"branchMap":{"0":{"loc":{"start":{"line":19,"column":2},"end":{"line":25,"column":3}},"type":"if","locations":[{"start":{"line":19,"column":2},"end":{"line":25,"column":3}},{"start":{},"end":{}}],"line":19}},"s":{"0":1,"1":4,"2":4,"3":1,"4":3,"5":2},"f":{"0":4,"1":2},"b":{"0":[1,3]},"_coverageSchema":"1a1c01bbd47fc00a2c39e90264f33305004495a9","hash":"0de3cee2411f905112263f9a198c8d97ebbcfc83"}
,"/Users/ybondaren/Documents/repositories/front/client/src/components/UsersTable/UsersTableRow.tsx": {"path":"/Users/ybondaren/Documents/repositories/front/client/src/components/UsersTable/UsersTableRow.tsx","statementMap":{"0":{"start":{"line":10,"column":29},"end":{"line":17,"column":1}},"1":{"start":{"line":11,"column":2},"end":{"line":16,"column":13}}},"fnMap":{"0":{"name":"(anonymous_0)","decl":{"start":{"line":10,"column":29},"end":{"line":10,"column":30}},"loc":{"start":{"line":11,"column":2},"end":{"line":16,"column":13}},"line":11}},"branchMap":{},"s":{"0":1,"1":2},"f":{"0":2},"b":{},"_coverageSchema":"1a1c01bbd47fc00a2c39e90264f33305004495a9","hash":"be8947f8a20dbfbea9bb4f732a5b069cc7bda16a"}
,"/Users/ybondaren/Documents/repositories/front/client/src/containers/UserListContainer.tsx": {"path":"/Users/ybondaren/Documents/repositories/front/client/src/containers/UserListContainer.tsx","statementMap":{"0":{"start":{"line":4,"column":33},"end":{"line":9,"column":1}},"1":{"start":{"line":5,"column":2},"end":{"line":8,"column":5}}},"fnMap":{"0":{"name":"(anonymous_0)","decl":{"start":{"line":4,"column":33},"end":{"line":4,"column":34}},"loc":{"start":{"line":5,"column":2},"end":{"line":8,"column":5}},"line":5}},"branchMap":{},"s":{"0":1,"1":2},"f":{"0":2},"b":{},"_coverageSchema":"1a1c01bbd47fc00a2c39e90264f33305004495a9","hash":"4037aaaa42117088e41df8126352d1e7eb6dc1e3"}
,"/Users/ybondaren/Documents/repositories/front/client/src/graphql/queries/getUsersQuery.ts": {"path":"/Users/ybondaren/Documents/repositories/front/client/src/graphql/queries/getUsersQuery.ts","statementMap":{"0":{"start":{"line":3,"column":25},"end":{"line":15,"column":2}}},"fnMap":{},"branchMap":{},"s":{"0":1},"f":{},"b":{},"_coverageSchema":"1a1c01bbd47fc00a2c39e90264f33305004495a9","hash":"7a471cbc6976df61e4e18bc9f1c42088e5794db6"}
,"/Users/ybondaren/Documents/repositories/front/client/src/mocks/mockUsers.ts": {"path":"/Users/ybondaren/Documents/repositories/front/client/src/mocks/mockUsers.ts","statementMap":{"0":{"start":{"line":4,"column":27},"end":{"line":27,"column":1}},"1":{"start":{"line":29,"column":37},"end":{"line":36,"column":1}},"2":{"start":{"line":38,"column":36},"end":{"line":45,"column":1}}},"fnMap":{},"branchMap":{},"s":{"0":1,"1":1,"2":1},"f":{},"b":{},"_coverageSchema":"1a1c01bbd47fc00a2c39e90264f33305004495a9","hash":"941133379bc023750efc5161c7db6e172f509334"}
}
